0 info it worked if it ends with ok
1 verbose cli [ 'E:\\学习\\nodejs\\node-v6.10.0-win-x64\\node.exe',
1 verbose cli   'E:\\学习\\nodejs\\node-v6.10.0-win-x64\\node_modules\\npm\\bin\\npm-cli.js',
1 verbose cli   'run',
1 verbose cli   'server' ]
2 info using npm@3.10.10
3 info using node@v6.10.0
4 verbose run-script [ 'preserver', 'server', 'postserver' ]
5 info lifecycle es6@1.0.0~preserver: es6@1.0.0
6 silly lifecycle es6@1.0.0~preserver: no script for preserver, continuing
7 info lifecycle es6@1.0.0~server: es6@1.0.0
8 verbose lifecycle es6@1.0.0~server: unsafe-perm in lifecycle true
9 verbose lifecycle es6@1.0.0~server: PATH: E:\学习\nodejs\node-v6.10.0-win-x64\node_modules\npm\bin\node-gyp-bin;E:\学习\es6\node_modules\.bin;D:\wamp\bin\php\php5.5.12;E:\学习\nodejs\node-v6.10.0-win-x64;%;ystemRoot%\system32;C:\WINDOWS;C:\WINDOWS\System32\Wbem;C:\WINDOWS\System32\WindowsPowerShell\v1.0\;D:\Git\cmd;C:\WINDOWS\system32;E:\学习\Ruby23\bin;D:\wamp\bin\php\php5.5.12;C:\Users\Administrator\AppData\Roaming\npm;C:\Users\Administrator\AppData\Local\Microsoft\WindowsApps;
10 verbose lifecycle es6@1.0.0~server: CWD: E:\学习\es6
11 silly lifecycle es6@1.0.0~server: Args: [ '/d /s /c', 'live-server ./ --port=8000' ]
12 silly lifecycle es6@1.0.0~server: Returned: code: 3221225786  signal: null
13 info lifecycle es6@1.0.0~server: Failed to exec server script
14 verbose stack Error: es6@1.0.0 server: `live-server ./ --port=8000`
14 verbose stack Exit status 3221225786
14 verbose stack     at EventEmitter.<anonymous> (E:\学习\nodejs\node-v6.10.0-win-x64\node_modules\npm\lib\utils\lifecycle.js:255:16)
14 verbose stack     at emitTwo (events.js:106:13)
14 verbose stack     at EventEmitter.emit (events.js:191:7)
14 verbose stack     at ChildProcess.<anonymous> (E:\学习\nodejs\node-v6.10.0-win-x64\node_modules\npm\lib\utils\spawn.js:40:14)
14 verbose stack     at emitTwo (events.js:106:13)
14 verbose stack     at ChildProcess.emit (events.js:191:7)
14 verbose stack     at maybeClose (internal/child_process.js:877:16)
14 verbose stack     at Process.ChildProcess._handle.onexit (internal/child_process.js:226:5)
15 verbose pkgid es6@1.0.0
16 verbose cwd E:\学习\es6
17 error Windows_NT 10.0.16299
18 error argv "E:\\学习\\nodejs\\node-v6.10.0-win-x64\\node.exe" "E:\\学习\\nodejs\\node-v6.10.0-win-x64\\node_modules\\npm\\bin\\npm-cli.js" "run" "server"
19 error node v6.10.0
20 error npm  v3.10.10
21 error code ELIFECYCLE
22 error es6@1.0.0 server: `live-server ./ --port=8000`
22 error Exit status 3221225786
23 error Failed at the es6@1.0.0 server script 'live-server ./ --port=8000'.
23 error Make sure you have the latest version of node.js and npm installed.
23 error If you do, this is most likely a problem with the es6 package,
23 error not with npm itself.
23 error Tell the author that this fails on your system:
23 error     live-server ./ --port=8000
23 error You can get information on how to open an issue for this project with:
23 error     npm bugs es6
23 error Or if that isn't available, you can get their info via:
23 error     npm owner ls es6
23 error There is likely additional logging output above.
24 verbose exit [ 1, true ]
